[BattleStart] Client1016
OnSyncCommands serverTick:5
ClientTickGrow: clientTick:1 serverTick:5
t:1  
====snapshot====
1
==============
 

ClientTickGrow: clientTick:2 serverTick:5
t:2  
====snapshot====
2
==============
 

OnSyncCommands serverTick:10
OnSyncCommands serverTick:15
OnSyncCommands serverTick:20
ClientTickGrow: clientTick:3 serverTick:20
t:3  
====snapshot====
3
==============
 

ClientTickGrow: clientTick:4 serverTick:20
t:4  
====snapshot====
4
==============
 

ClientTickGrow: clientTick:5 serverTick:20
t:5  
====snapshot====
5
==============
 

ClientTickGrow: clientTick:6 serverTick:20
t:6  
====snapshot====
6
==============
 

ClientTickGrow: clientTick:7 serverTick:20
t:7  
====snapshot====
7
==============
 

ClientTickGrow: clientTick:8 serverTick:20
t:8  
====snapshot====
8
==============
 

ClientTickGrow: clientTick:9 serverTick:20
t:9  
====snapshot====
9
==============
 

ClientTickGrow: clientTick:10 serverTick:20
t:10  
====snapshot====
10
==============
 

ClientTickGrow: clientTick:11 serverTick:20
t:11  
====snapshot====
11
==============
 

ClientTickGrow: clientTick:12 serverTick:20
t:12  
====snapshot====
12
==============
 

ClientTickGrow: clientTick:13 serverTick:20
t:13  
====snapshot====
13
==============
 

ClientTickGrow: clientTick:14 serverTick:20
t:14  
====snapshot====
14
==============
 

ClientTickGrow: clientTick:15 serverTick:20
t:15  
====snapshot====
15
==============
 

ClientTickGrow: clientTick:16 serverTick:20
OnSyncCommands serverTick:25
t:16  
====snapshot====
16
==============
 

ClientTickGrow: clientTick:17 serverTick:25
t:17  
====snapshot====
17
==============
 

ClientTickGrow: clientTick:18 serverTick:25
t:18  
====snapshot====
18
==============
 

ClientTickGrow: clientTick:19 serverTick:25
t:19  
====snapshot====
19
==============
 

ClientTickGrow: clientTick:20 serverTick:25
t:20  
====snapshot====
20
==============
 

ClientTickGrow: clientTick:21 serverTick:25
t:21  
====snapshot====
21
==============
 

ClientTickGrow: clientTick:22 serverTick:25
t:22  
====snapshot====
22
==============
 

ClientTickGrow: clientTick:23 serverTick:25
t:23  
====snapshot====
23
==============
 

ClientTickGrow: clientTick:24 serverTick:25
OnSyncCommands serverTick:30
t:24  
====snapshot====
24
==============
 

ClientTickGrow: clientTick:25 serverTick:30
t:25  
====snapshot====
25
==============
 

ClientTickGrow: clientTick:26 serverTick:30
t:26  
====snapshot====
26
==============
 

ClientTickGrow: clientTick:27 serverTick:30
t:27  
====snapshot====
27
==============
 

ClientTickGrow: clientTick:28 serverTick:30
t:28  
====snapshot====
28
==============
 

ClientTickGrow: clientTick:29 serverTick:30
OnSyncCommands serverTick:35
t:29  
====snapshot====
29
==============
 

ClientTickGrow: clientTick:30 serverTick:35
t:30  
====snapshot====
30
==============
 

ClientTickGrow: clientTick:31 serverTick:35
t:31  
====snapshot====
31
==============
 

ClientTickGrow: clientTick:32 serverTick:35
t:32  
====snapshot====
32
==============
 

ClientTickGrow: clientTick:33 serverTick:35
t:33  
====snapshot====
33
==============
 

ClientTickGrow: clientTick:34 serverTick:35
OnSyncCommands serverTick:40
t:34  
====snapshot====
34
==============
 

ClientTickGrow: clientTick:35 serverTick:40
t:35  
====snapshot====
35
==============
 

ClientTickGrow: clientTick:36 serverTick:40
t:36  
====snapshot====
36
==============
 

ClientTickGrow: clientTick:37 serverTick:40
t:37  
====snapshot====
37
==============
 

ClientTickGrow: clientTick:38 serverTick:40
t:38  
====snapshot====
38
==============
 

ClientTickGrow: clientTick:39 serverTick:40
OnSyncCommands serverTick:45
t:39  
====snapshot====
39
==============
 

ClientTickGrow: clientTick:40 serverTick:45
t:40  
====snapshot====
40
==============
 

ClientTickGrow: clientTick:41 serverTick:45
t:41  
====snapshot====
41
==============
 

ClientTickGrow: clientTick:42 serverTick:45
t:42  
====snapshot====
42
==============
 

ClientTickGrow: clientTick:43 serverTick:45
t:43  
====snapshot====
43
==============
 

ClientTickGrow: clientTick:44 serverTick:45
OnSyncCommands serverTick:50
t:44  
====snapshot====
44
==============
 

ClientTickGrow: clientTick:45 serverTick:50
t:45  
====snapshot====
45
==============
 

ClientTickGrow: clientTick:46 serverTick:50
t:46  
====snapshot====
46
==============
 

ClientTickGrow: clientTick:47 serverTick:50
t:47  
====snapshot====
47
==============
 

ClientTickGrow: clientTick:48 serverTick:50
t:48  
====snapshot====
48
==============
 

ClientTickGrow: clientTick:49 serverTick:50
OnSyncCommands serverTick:55
t:49  
====snapshot====
49
==============
 

ClientTickGrow: clientTick:50 serverTick:55
t:50  
====snapshot====
50
==============
 

ClientTickGrow: clientTick:51 serverTick:55
t:51  
====snapshot====
51
==============
 

ClientTickGrow: clientTick:52 serverTick:55
t:52  
====snapshot====
52
==============
 

ClientTickGrow: clientTick:53 serverTick:55
t:53  
====snapshot====
53
==============
 

ClientTickGrow: clientTick:54 serverTick:55
t:54  
====snapshot====
54
==============
 

ClientTickGrow: clientTick:55 serverTick:55
t:55  
====snapshot====
55
==============
 

