header:3003
Header:5,Msg:0
header:3004
收到消息: 3004/Game.Shared.Proto.Msg_PlayerIdentify_Req/{ "playerName": "Client1016" }
Server: TryAddPlayer: Client1016 netId:95d933ae-c4ff-4447-89c9-09aed02ca104
Server: DoPlayerJoinNtf:1
header:3005
Header:5,Msg:2
header:3007
Header:5,Msg:3
header:3008
收到消息: 3008/Game.Shared.Proto.Msg_BattleStart_Req/{ }
header:3009
Header:5,Msg:2
Server: SyncCommands at 5 frames:[]
header:3016
Header:5,Msg:2
Server: SyncCommands at 10 frames:[]
header:3016
Header:5,Msg:2
Server: SyncCommands at 15 frames:[]
header:3016
Header:5,Msg:2
Server: SyncCommands at 20 frames:[]
header:3016
Header:5,Msg:2
header:3001
收到消息: 3001/Game.Shared.Proto.Msg_PingPong_Req/{ }
header:3002
Header:5,Msg:0
Server: SyncCommands at 25 frames:[]
header:3016
Header:5,Msg:2
Server: SyncCommands at 30 frames:[]
header:3016
Header:5,Msg:2
Server: SyncCommands at 35 frames:[]
header:3016
Header:5,Msg:2
header:3001
收到消息: 3001/Game.Shared.Proto.Msg_PingPong_Req/{ }
header:3002
Header:5,Msg:0
Server: SyncCommands at 40 frames:[]
header:3016
Header:5,Msg:2
Server: SyncCommands at 45 frames:[]
header:3016
Header:5,Msg:2
header:3001
收到消息: 3001/Game.Shared.Proto.Msg_PingPong_Req/{ }
header:3002
Header:5,Msg:0
Server: SyncCommands at 50 frames:[]
header:3016
Header:5,Msg:2
header:3016
Header:5,Msg:2
